⨯ Error: Event handlers cannot be passed to Client Component props.
  {src: ..., alt: ..., className: ..., loading: ..., onError: function onError}
                                                              ^^^^^^^^^^^^^^^^
If you need interactivity, consider converting part of this to a Client Component.
    at stringify (<anonymous>) {
  digest: '1268521818'
}
⨯ Error: Event handlers cannot be passed to Client Component props.
  {src: ..., alt: ..., className: ..., loading: ..., onError: function onError}
                                                              ^^^^^^^^^^^^^^^^
If you need interactivity, consider converting part of this to a Client Component.
    at stringify (<anonymous>) {
  digest: '1268521818'
}
⨯ Error: Event handlers cannot be passed to Client Component props.
  {src: ..., alt: ..., className: ..., loading: ..., onError: function onError}
                                                              ^^^^^^^^^^^^^^^^
If you need interactivity, consider converting part of this to a Client Component.
    at stringify (<anonymous>) {
  digest: '1268521818'
}
⨯ Error: Event handlers cannot be passed to Client Component props.
  {src: ..., alt: ..., className: ..., loading: ..., onError: function onError}
                                                              ^^^^^^^^^^^^^^^^
If you need interactivity, consider converting part of this to a Client Component.
    at stringify (<anonymous>) {
  digest: '1268521818'
}
⨯ Error: Event handlers cannot be passed to Client Component props.
  {src: ..., alt: ..., className: ..., loading: ..., onError: function onError}
                                                              ^^^^^^^^^^^^^^^^
If you need interactivity, consider converting part of this to a Client Component.
    at stringify (<anonymous>) {
  digest: '1268521818'
}
⨯ Error: Event handlers cannot be passed to Client Component props.
  {src: ..., alt: ..., className: ..., loading: ..., onError: function onError}
                                                              ^^^^^^^^^^^^^^^^
If you need interactivity, consider converting part of this to a Client Component.
    at stringify (<anonymous>) {
  digest: '1268521818'
}
⨯ Error: Event handlers cannot be passed to Client Component props.
  {src: ..., alt: ..., className: ..., loading: ..., onError: function onError}
                                                              ^^^^^^^^^^^^^^^^
If you need interactivity, consider converting part of this to a Client Component.
    at stringify (<anonymous>) {
  digest: '1268521818'
}
⨯ Error: Event handlers cannot be passed to Client Component props.
  {src: ..., alt: ..., className: ..., loading: ..., onError: function onError}
                                                              ^^^^^^^^^^^^^^^^
If you need interactivity, consider converting part of this to a Client Component.
    at stringify (<anonymous>) {
  digest: '1268521818'
}
⨯ Error: Event handlers cannot be passed to Client Component props.
  {src: ..., alt: ..., className: ..., loading: ..., onError: function onError}
                                                              ^^^^^^^^^^^^^^^^
If you need interactivity, consider converting part of this to a Client Component.
    at stringify (<anonymous>) {
  digest: '1268521818'
}
⨯ Error: Event handlers cannot be passed to Client Component props.
  {src: ..., alt: ..., className: ..., loading: ..., onError: function onError}
                                                              ^^^^^^^^^^^^^^^^
If you need interactivity, consider converting part of this to a Client Component.
    at stringify (<anonymous>) {
  digest: '1268521818'
}
⨯ Error: Event handlers cannot be passed to Client Component props.
  {src: ..., alt: ..., className: ..., loading: ..., onError: function onError}
                                                              ^^^^^^^^^^^^^^^^
If you need interactivity, consider converting part of this to a Client Component.
    at stringify (<anonymous>) {
  digest: '1268521818'
}
⨯ Error: Event handlers cannot be passed to Client Component props.
  {src: ..., alt: ..., className: ..., loading: ..., onError: function onError}
                                                              ^^^^^^^^^^^^^^^^
If you need interactivity, consider converting part of this to a Client Component.
    at stringify (<anonymous>) {
  digest: '1268521818'
}
